/home/olya/ros2_ws/src/frog_pkg/install/frog_pkg/lib/python3.12/site-packages/frog_pkg/listener.py
/home/olya/ros2_ws/src/frog_pkg/install/frog_pkg/lib/python3.12/site-packages/frog_pkg/talker.py
/home/olya/ros2_ws/src/frog_pkg/install/frog_pkg/lib/python3.12/site-packages/frog_pkg/__init__.py
/home/olya/ros2_ws/src/frog_pkg/install/frog_pkg/lib/python3.12/site-packages/frog_pkg/scripts/PR1_time_node.py
/home/olya/ros2_ws/src/frog_pkg/install/frog_pkg/lib/python3.12/site-packages/frog_pkg/scripts/even_number_publisher.py
/home/olya/ros2_ws/src/frog_pkg/install/frog_pkg/lib/python3.12/site-packages/frog_pkg/scripts/overflow_listener.py
/home/olya/ros2_ws/src/frog_pkg/install/frog_pkg/lib/python3.12/site-packages/frog_pkg/scripts/first_node.py
/home/olya/ros2_ws/src/frog_pkg/install/frog_pkg/lib/python3.12/site-packages/frog_pkg/scripts/__init__.py
/home/olya/ros2_ws/src/frog_pkg/install/frog_pkg/lib/python3.12/site-packages/frog_pkg/__pycache__/listener.cpython-312.pyc
/home/olya/ros2_ws/src/frog_pkg/install/frog_pkg/lib/python3.12/site-packages/frog_pkg/__pycache__/talker.cpython-312.pyc
/home/olya/ros2_ws/src/frog_pkg/install/frog_pkg/lib/python3.12/site-packages/frog_pkg/__pycache__/__init__.cpython-312.pyc
/home/olya/ros2_ws/src/frog_pkg/install/frog_pkg/lib/python3.12/site-packages/frog_pkg/scripts/__pycache__/PR1_time_node.cpython-312.pyc
/home/olya/ros2_ws/src/frog_pkg/install/frog_pkg/lib/python3.12/site-packages/frog_pkg/scripts/__pycache__/even_number_publisher.cpython-312.pyc
/home/olya/ros2_ws/src/frog_pkg/install/frog_pkg/lib/python3.12/site-packages/frog_pkg/scripts/__pycache__/overflow_listener.cpython-312.pyc
/home/olya/ros2_ws/src/frog_pkg/install/frog_pkg/lib/python3.12/site-packages/frog_pkg/scripts/__pycache__/first_node.cpython-312.pyc
/home/olya/ros2_ws/src/frog_pkg/install/frog_pkg/lib/python3.12/site-packages/frog_pkg/scripts/__pycache__/__init__.cpython-312.pyc
/home/olya/ros2_ws/src/frog_pkg/install/frog_pkg/share/ament_index/resource_index/packages/frog_pkg
/home/olya/ros2_ws/src/frog_pkg/install/frog_pkg/share/frog_pkg/package.xml
/home/olya/ros2_ws/src/frog_pkg/install/frog_pkg/share/frog_pkg/launch/robot_system.launch.py
/home/olya/ros2_ws/src/frog_pkg/install/frog_pkg/share/frog_pkg/launch/my_first_launch.py
/home/olya/ros2_ws/src/frog_pkg/install/frog_pkg/lib/python3.12/site-packages/frog_pkg-0.0.0-py3.12.egg-info/zip-safe
/home/olya/ros2_ws/src/frog_pkg/install/frog_pkg/lib/python3.12/site-packages/frog_pkg-0.0.0-py3.12.egg-info/dependency_links.txt
/home/olya/ros2_ws/src/frog_pkg/install/frog_pkg/lib/python3.12/site-packages/frog_pkg-0.0.0-py3.12.egg-info/SOURCES.txt
/home/olya/ros2_ws/src/frog_pkg/install/frog_pkg/lib/python3.12/site-packages/frog_pkg-0.0.0-py3.12.egg-info/PKG-INFO
/home/olya/ros2_ws/src/frog_pkg/install/frog_pkg/lib/python3.12/site-packages/frog_pkg-0.0.0-py3.12.egg-info/entry_points.txt
/home/olya/ros2_ws/src/frog_pkg/install/frog_pkg/lib/python3.12/site-packages/frog_pkg-0.0.0-py3.12.egg-info/top_level.txt
/home/olya/ros2_ws/src/frog_pkg/install/frog_pkg/lib/python3.12/site-packages/frog_pkg-0.0.0-py3.12.egg-info/requires.txt
/home/olya/ros2_ws/src/frog_pkg/install/frog_pkg/lib/frog_pkg/even_number_publisher
